<?xml version="1.0" encoding="UTF-8"?>
<!-- Generated by org.testng.reporters.JUnitReportReporter -->
<testsuite name="tests.TC1_Google_Searchname" tests="2" time="24.885" ignored="0" failures="0" timestamp="18 Jul 2017 13:06:58 GMT" skipped="0" hostname="CSCINDAE752825" errors="0">
  <testcase name="namesearch" time="12.447" classname="tests.TC1_Google_Searchname"/>
  <testcase name="namesearch" time="12.438" classname="tests.TC1_Google_Searchname"/>
</testsuite> <!-- tests.TC1_Google_Searchname -->
