<?xml version="1.0" encoding="UTF-8"?>
<!-- Generated by org.testng.reporters.JUnitReportReporter -->
<testsuite name="tests.TC1_Google_SignUp" tests="1" time="22.339" ignored="0" failures="0" timestamp="25 Jul 2017 11:17:56 GMT" skipped="0" hostname="CSCINDAE684841" errors="0">
  <testcase name="google_signup" time="22.339" classname="tests.TC1_Google_SignUp"/>
</testsuite> <!-- tests.TC1_Google_SignUp -->
