<?xml version="1.0" encoding="UTF-8"?>
<!-- Generated by org.testng.reporters.JUnitReportReporter -->
<testsuite name="tests.TC1_GR_FB_Account" tests="1" time="98.273" ignored="0" failures="0" timestamp="21 Jul 2017 10:11:24 GMT" skipped="0" hostname="CSCINDAH504272" errors="0">
  <testcase name="FB" time="98.273" classname="tests.TC1_GR_FB_Account"/>
</testsuite> <!-- tests.TC1_GR_FB_Account -->
