<?xml version="1.0" encoding="UTF-8"?>
<!-- Generated by org.testng.reporters.JUnitReportReporter -->
<testsuite name="tests.TC1_GR_FB_Account" tests="1" time="5.669" ignored="0" failures="0" timestamp="25 Jul 2017 11:17:56 GMT" skipped="0" hostname="CSCINDAE684841" errors="0">
  <testcase name="FB" time="5.669" classname="tests.TC1_GR_FB_Account"/>
</testsuite> <!-- tests.TC1_GR_FB_Account -->
